topic_router: topic 'impuesto_nacional_consumo' has no registered keywords — queries in this domain will fall through to fallback routing or be hijacked by adjacent weak hits
topic_router: topic 'economia_digital_criptoactivos' has no registered keywords — queries in this domain will fall through to fallback routing or be hijacked by adjacent weak hits
topic_router: topic 'ganancia_ocasional' has no registered keywords — queries in this domain will fall through to fallback routing or be hijacked by adjacent weak hits
topic_router: topic 'reformas_tributarias' has no registered keywords — queries in this domain will fall through to fallback routing or be hijacked by adjacent weak hits
topic_router: topic 'datos_tecnologia' has no registered keywords — queries in this domain will fall through to fallback routing or be hijacked by adjacent weak hits
topic_router: topic 'descuentos_tributarios_renta' has no registered keywords — queries in this domain will fall through to fallback routing or be hijacked by adjacent weak hits
topic_router: topic 'estatuto_tributario' has no registered keywords — queries in this domain will fall through to fallback routing or be hijacked by adjacent weak hits
topic_router: topic 'regimen_tributario_especial' has no registered keywords — queries in this domain will fall through to fallback routing or be hijacked by adjacent weak hits
topic_router: topic 'rentas_exentas' has no registered keywords — queries in this domain will fall through to fallback routing or be hijacked by adjacent weak hits
topic_router: topic 'emergencia_tributaria' has no registered keywords — queries in this domain will fall through to fallback routing or be hijacked by adjacent weak hits
topic_router: topic 'activos_exterior' has no registered keywords — queries in this domain will fall through to fallback routing or be hijacked by adjacent weak hits
topic_router: topic 'conciliacion_fiscal' has no registered keywords — queries in this domain will fall through to fallback routing or be hijacked by adjacent weak hits
topic_router: topic 'contratacion_estatal' has no registered keywords — queries in this domain will fall through to fallback routing or be hijacked by adjacent weak hits
topic_router: topic 'impuestos_saludables' has no registered keywords — queries in this domain will fall through to fallback routing or be hijacked by adjacent weak hits
topic_router: topic 'anticipos_retenciones_a_favor' has no registered keywords — queries in this domain will fall through to fallback routing or be hijacked by adjacent weak hits
topic_router: topic 'inversiones_incentivos' has no registered keywords — queries in this domain will fall through to fallback routing or be hijacked by adjacent weak hits
topic_router: topic 'precios_de_transferencia' has no registered keywords — queries in this domain will fall through to fallback routing or be hijacked by adjacent weak hits
topic_router: topic 'otros_sectoriales' has no registered keywords — queries in this domain will fall through to fallback routing or be hijacked by adjacent weak hits
topic_router: topic 'ingresos_fiscales_renta' has no registered keywords — queries in this domain will fall through to fallback routing or be hijacked by adjacent weak hits
topic_router: topic 'comercial_societario' has no registered keywords — queries in this domain will fall through to fallback routing or be hijacked by adjacent weak hits
topic_router: topic 'leyes_derogadas' has no registered keywords — queries in this domain will fall through to fallback routing or be hijacked by adjacent weak hits
topic_router: topic 'normas_internacionales_auditoria' has no registered keywords — queries in this domain will fall through to fallback routing or be hijacked by adjacent weak hits
topic_router: topic 'beneficiario_final_rub' has no registered keywords — queries in this domain will fall through to fallback routing or be hijacked by adjacent weak hits
topic_router: topic 'presupuesto_hacienda' has no registered keywords — queries in this domain will fall through to fallback routing or be hijacked by adjacent weak hits
topic_router: topic 'tarifas_tasa_minima_renta' has no registered keywords — queries in this domain will fall through to fallback routing or be hijacked by adjacent weak hits
topic_router: topic 'renta_liquida_gravable' has no registered keywords — queries in this domain will fall through to fallback routing or be hijacked by adjacent weak hits
topic_router: topic 'beneficio_auditoria' has no registered keywords — queries in this domain will fall through to fallback routing or be hijacked by adjacent weak hits
topic_router: topic 'cambiario' has no registered keywords — queries in this domain will fall through to fallback routing or be hijacked by adjacent weak hits
topic_router: topic 'reforma_pensional' has no registered keywords — queries in this domain will fall through to fallback routing or be hijacked by adjacent weak hits
[1/1381] CORE ya Arriba/BENEFICIARIO_FINAL_RUB/EXPERTOS/E01-RUB-beneficiarios-finales-interpretaciones-expertos.md -> label='Registro Único de Beneficiarios Finales y sus regulaciones' parent=regimen_sancionatorio
[2/1381] CORE ya Arriba/BENEFICIARIO_FINAL_RUB/LOGGRO/L01-guia-practica-RUB-beneficiarios-finales.md -> label='Registro Único de Beneficiarios Finales' parent=beneficiario_final_rub
[3/1381] CORE ya Arriba/BENEFICIARIO_FINAL_RUB/NORMATIVA/N01-registro-unico-beneficiarios-finales-marco-legal.md -> label='Definición y criterios del beneficiario final' parent=CORE ya Arriba
[4/1381] CORE ya Arriba/CALENDARIO_TRIBUTARIO_CONSOLIDADO/LOGGRO/CAL-L01-guia-practica-calendario-tributario-consolidado-2026.md -> label='Calendario tributario y obligaciones PYMES 2026' parent=laboral
[5/1381] CORE ya Arriba/COMERCIAL_SOCIETARIO/Ley-223-1994.md -> label='Verificación de ley tributaria y comercial' parent=leyes_derogadas
[6/1381] CORE ya Arriba/CONTRATACION_ESTATAL/EXPERTOS/E01-contratacion-estatal-pyme-interpretaciones-expertos.md -> label='Retención en la fuente en contratos estatales' parent=retencion_en_la_fuente
[7/1381] CORE ya Arriba/CONTRATACION_ESTATAL/LOGGRO/L01-guia-practica-contratacion-estatal-pyme.md -> label='Guía práctica contratación estatal PYME' parent=retencion_en_la_fuente
[8/1381] CORE ya Arriba/CONTRATACION_ESTATAL/NORMATIVA/N01-contratacion-estatal-pyme-marco-legal.md -> label='Marco legal contratación estatal PYMES' parent=contratacion_estatal
[9/1381] CORE ya Arriba/Corpus de Contabilidad/EXPERTOS/T-ESAL-regimen-tributario-especial-interpretaciones-expertos.md -> label='Régimen Tributario Especial para ESAL' parent=regimen_tributario_especial
[10/1381] CORE ya Arriba/Corpus de Contabilidad/EXPERTOS/T-INC-impuesto-nacional-consumo-interpretaciones-expertos.md -> label='Impuesto Nacional al Consumo: Interpretaciones y Aplicación' parent=iva
[11/1381] CORE ya Arriba/Corpus de Contabilidad/EXPERTOS/T-INCRNGO-ingresos-no-constitutivos-renta-interpretaciones-expertos.md -> label='Ingresos no constitutivos de renta ni ganancia ocasional' parent=declaracion_renta
[12/1381] CORE ya Arriba/Corpus de Contabilidad/EXPERTOS/T-NIA-normas-internacionales-auditoria-interpretaciones-expertos.md -> label='Aplicación práctica de NIA en revisoría fiscal' parent=obligaciones_profesionales_contador
[13/1381] CORE ya Arriba/Corpus de Contabilidad/EXPERTOS/T-PT-procedimiento-tributario-interpretaciones-expertos.md -> label='Interpretaciones expertas procedimiento tributario' parent=procedimiento_tributario
[14/1381] CORE ya Arriba/Corpus de Contabilidad/EXPERTOS/T-ZF-zonas-francas-interpretaciones-expertos.md -> label='Impacto de la reforma tributaria en zonas francas' parent=zonas_francas
[15/1381] CORE ya Arriba/Corpus de Contabilidad/LOGGRO/L-ESAL-regimen-tributario-especial-guia-practica.md -> label='Guía práctica régimen tributario especial ESAL' parent=declaracion_renta
[16/1381] CORE ya Arriba/Corpus de Contabilidad/LOGGRO/L-INC-impuesto-nacional-consumo-guia-practica.md -> label='Guía práctica impuesto nacional al consumo' parent=iva
[17/1381] CORE ya Arriba/Corpus de Contabilidad/LOGGRO/L-INCRNGO-ingresos-no-constitutivos-renta-guia-practica.md -> label='Ingresos no constitutivos de renta ni ganancia ocasional' parent=declaracion_renta
[18/1381] CORE ya Arriba/Corpus de Contabilidad/LOGGRO/L-NIA-normas-internacionales-auditoria-guia-practica.md -> label='Guía práctica NIA para revisores fiscales PYMES' parent=estados_financieros_niif
[19/1381] CORE ya Arriba/Corpus de Contabilidad/LOGGRO/L-PT-procedimiento-tributario-guia-practica.md -> label='Guía práctica de fiscalización y defensa tributaria' parent=procedimiento_tributario
[20/1381] CORE ya Arriba/Corpus de Contabilidad/LOGGRO/L-ZF-zonas-francas-guia-practica.md -> label='Guía práctica para contadores sobre zonas francas y tarifa dual' parent=declaracion_renta
[21/1381] CORE ya Arriba/Corpus de Contabilidad/NORMATIVA/N-ESAL-regimen-tributario-especial.md -> label='Regimen Tributario Especial para ESAL' parent=regimen_tributario_especial
[22/1381] CORE ya Arriba/Corpus de Contabilidad/NORMATIVA/N-INC-impuesto-nacional-consumo.md -> label='Impuesto Nacional al Consumo: Hecho Generador, Tarifas y Base Gravable' parent=regimen_simple
[23/1381] CORE ya Arriba/Corpus de Contabilidad/NORMATIVA/N-INCRNGO-ingresos-no-constitutivos-renta.md -> label='Ingresos no constitutivos de renta ni ganancia ocasional para personas jurídicas' parent=declaracion_renta
[24/1381] CORE ya Arriba/Corpus de Contabilidad/NORMATIVA/N-NIA-normas-internacionales-auditoria.md -> label='Marco normativo de las Normas Internacionales de Auditoría (NIA) en Colombia' parent=estados_financieros_niif
[25/1381] CORE ya Arriba/Corpus de Contabilidad/NORMATIVA/N-PT-procedimiento-tributario-fiscalizacion-dian.md -> label='Fiscalización y Sanciones Tributarias DIAN' parent=procedimiento_tributario
[26/1381] CORE ya Arriba/Corpus de Contabilidad/NORMATIVA/N-ZF-zonas-francas.md -> label='Régimen tributario y aduanero de zonas francas' parent=zonas_francas
[27/1381] CORE ya Arriba/Corpus de Contabilidad/deprecated/ERRATA-seccion-08-incrngo.md -> label='Derogación Artículo 36-3 ET' parent=leyes_derogadas
[28/1381] CORE ya Arriba/DESCUENTOS_INVENTARIOS_NIIF/LOGGRO/seccion-09-A-descuentos-pronto-pago-compras.md -> label='Tratamiento contable y fiscal de descuentos en compras' parent=estados_financieros_niif
[29/1381] CORE ya Arriba/DESCUENTOS_INVENTARIOS_NIIF/NORMATIVA/DIAN-DESC-01-doctrina-descuentos-comerciales-condicionados.md -> label='Tratamiento fiscal y contable de descuentos comerciales' parent=estados_financieros_niif
[30/1381] CORE ya Arriba/DEVOLUCIONES_SALDOS_FAVOR/EXPERTOS/DEV-E01-interpretaciones-devoluciones-compensacion-riesgos-auditoria.md -> label='Devoluciones y compensaciones de saldos a favor' parent=procedimiento_tributario
[31/1381] CORE ya Arriba/DEVOLUCIONES_SALDOS_FAVOR/LOGGRO/DEV-L01-guia-practica-devoluciones-saldos-favor-cross-impuesto.md -> label='Devoluciones y compensaciones de saldos a favor cross-impuesto' parent=procedimiento_tributario
[32/1381] CORE ya Arriba/DIVIDENDOS_UTILIDADES/EXPERTOS/DIV-E01-interpretaciones-dividendos-optimizacion-fiscal-PYME.md -> label='Tributación de dividendos y utilidades en PYMES' parent=dividendos_utilidades
[33/1381] CORE ya Arriba/DIVIDENDOS_UTILIDADES/LOGGRO/DIV-L01-guia-practica-distribucion-dividendos-retencion-PYME.md -> label='Distribución de dividendos y retención en PYMES' parent=dividendos_utilidades
[34/1381] CORE ya Arriba/DIVIDENDOS_UTILIDADES/NORMATIVA/DIV-N01-marco-legal-dividendos-utilidades-distribucion-retencion.md -> label='Marco legal dividendos y utilidades' parent=declaracion_renta
[35/1381] CORE ya Arriba/Documents to branch and improve/Devoluciones_Saldos_Favor/Interpretacion_Expertos/dev_expertos_devoluciones.md -> label='Devoluciones y compensaciones de saldos a favor' parent=facturacion_electronica
[36/1381] CORE ya Arriba/Documents to branch and improve/Devoluciones_Saldos_Favor/Normativa_Base/dev_normativa_devoluciones.md -> label='Compensación y devolución de saldos a favor tributarios' parent=procedimiento_tributario
[37/1381] CORE ya Arriba/Documents to branch and improve/Devoluciones_Saldos_Favor/Practica_LOGGRO/dev_practica_devoluciones.md -> label='Devoluciones y compensaciones de saldos a favor' parent=facturacion_electronica
[38/1381] CORE ya Arriba/Documents to branch and improve/Emergencia_Tributaria_Decreto_0240/Interpretacion_Expertos/eme_expertos_decreto_0240.md -> label='Medidas tributarias por emergencia ambiental' parent=retencion_en_la_fuente
[39/1381] CORE ya Arriba/Documents to branch and improve/Emergencia_Tributaria_Decreto_0240/Normativa_Base/eme_normativa_decreto_0240.md -> label='Medidas tributarias, aduaneras y cambiarias de emergencia' parent=emergencia_tributaria
[40/1381] CORE ya Arriba/Documents to branch and improve/Emergencia_Tributaria_Decreto_0240/Practica_LOGGRO/eme_practica_decreto_0240.md -> label='Guía práctica normalización tributaria emergencia' parent=regimen_sancionatorio
[41/1381] CORE ya Arriba/Documents to branch and improve/Precios_Transferencia/Interpretacion_Expertos/pt_expertos_precios_transferencia.md -> label='Interpretaciones de Expertos sobre Precios de Transferencia' parent=precios_de_transferencia
[42/1381] CORE ya Arriba/Documents to branch and improve/Precios_Transferencia/Normativa_Base/pt_normativa_precios_transferencia.md -> label='Marco normativo precios de transferencia' parent=precios_de_transferencia
[43/1381] CORE ya Arriba/Documents to branch and improve/Precios_Transferencia/Practica_LOGGRO/pt_practica_precios_transferencia.md -> label='Guía práctica precios de transferencia' parent=precios_de_transferencia
[44/1381] CORE ya Arriba/Documents to branch and improve/Reforma_Laboral_Ley_2466/Interpretacion_Expertos/lab_expertos_reforma_laboral.md -> label='Reforma Laboral Ley 2466 de 2025' parent=laboral
[45/1381] CORE ya Arriba/Documents to branch and improve/Reforma_Laboral_Ley_2466/Normativa_Base/lab_normativa_reforma_laboral.md -> label='Reforma laboral integral y modificaciones al Código Sustantivo del Trabajo' parent=laboral
[46/1381] CORE ya Arriba/Documents to branch and improve/Reforma_Laboral_Ley_2466/Practica_LOGGRO/lab_practica_reforma_laboral.md -> label='Guía práctica reforma laboral PYMES' parent=laboral
[47/1381] CORE ya Arriba/Documents to branch and improve/Regimen_Cambiario/Interpretacion_Expertos/cam_expertos_regimen_cambiario.md -> label='interpretaciones régimen cambiario colombiano' parent=retencion_en_la_fuente
[48/1381] CORE ya Arriba/Documents to branch and improve/Regimen_Cambiario/Normativa_Base/cam_normativa_regimen_cambiario.md -> label='Marco normativo régimen cambiario colombiano' parent=regimen_sancionatorio
[49/1381] CORE ya Arriba/Documents to branch and improve/Regimen_Cambiario/Practica_LOGGRO/cam_practica_regimen_cambiario.md -> label='Guía práctica régimen cambiario PYMES' parent=declaracion_renta
[50/1381] CORE ya Arriba/Documents to branch and improve/Revisoria_Fiscal/Interpretacion_Expertos/rev_expertos_revisoria_fiscal.md -> label='Obligatoriedad y funciones del revisor fiscal' parent=impuesto_patrimonio_personas_naturales
[51/1381] CORE ya Arriba/Documents to branch and improve/Revisoria_Fiscal/Normativa_Base/rev_normativa_revisoria_fiscal.md -> label='Marco legal y obligatoriedad de la revisoría fiscal' parent=obligaciones_profesionales_contador
[52/1381] CORE ya Arriba/Documents to branch and improve/Revisoria_Fiscal/Practica_LOGGRO/rev_practica_revisoria_fiscal.md -> label='Obligatoriedad y funciones del revisor fiscal en PYMES' parent=impuesto_patrimonio_personas_naturales
[53/1381] CORE ya Arriba/Documents to branch and improve/Tributacion_Dividendos/Interpretacion_Expertos/div_expertos_dividendos.md -> label='Tributación de dividendos y distribución de utilidades' parent=retencion_en_la_fuente
[54/1381] CORE ya Arriba/Documents to branch and improve/Tributacion_Dividendos/Normativa_Base/div_normativa_dividendos.md -> label='Tributación de dividendos y utilidades' parent=dividendos_utilidades
