2026-05-13 17:33:53,844 [INFO] loaded 21 questions from evals/sme_validation_v1/21q_retriever_General.jsonl
2026-05-13 17:33:53,863 [INFO] todo=21  done=0/21  workers=4  server=http://127.0.0.1:8787  max_429=2
2026-05-13 17:34:19,620 [INFO] [1/21] qid=ep_renta_conciliacion_2516_v1 status=200 mode=graph_native elapsed=25.8s
2026-05-13 17:35:05,262 [INFO] [2/21] qid=ep_renta_deduccion_ica_v1 status=200 mode=graph_native elapsed=71.4s
2026-05-13 17:35:15,414 [INFO] [3/21] qid=ep_renta_dividendos_242_v1 status=200 mode=graph_native elapsed=55.8s
2026-05-13 17:35:15,820 [INFO] [4/21] qid=ep_renta_patrimonio_niif_v1 status=200 mode=graph_native elapsed=82.0s
2026-05-13 17:35:49,116 [INFO] [5/21] qid=ep_renta_ttd_paragrafo6_v1 status=200 mode=graph_native elapsed=115.2s
2026-05-13 17:36:11,277 [INFO] [6/21] qid=ep_renta_beneficio_auditoria_v1 status=200 mode=graph_native elapsed=66.0s
2026-05-13 17:36:21,165 [INFO] [7/21] qid=ep_iva_regimen_responsables_v1 status=200 mode=graph_native elapsed=65.7s
2026-05-13 17:36:33,806 [INFO] [8/21] qid=ep_iva_exentos_vs_excluidos_v1 status=200 mode=graph_native elapsed=44.7s
2026-05-13 17:36:34,786 [INFO] [9/21] qid=ep_iva_proporcionalidad_d1474_v1 status=200 mode=graph_native elapsed=79.0s
2026-05-13 17:37:00,887 [INFO] [10/21] qid=ep_fe_nuevos_documentos_dav_v1 status=200 mode=graph_native elapsed=39.7s
2026-05-13 17:37:04,530 [INFO] [11/21] qid=ep_fe_cufe_contingencia_v1 status=200 mode=graph_native elapsed=53.3s
2026-05-13 17:37:46,516 [INFO] [12/21] qid=ep_retencion_autorretencion_especial_v1 status=200 mode=graph_native elapsed=71.7s
2026-05-13 17:37:51,541 [INFO] [13/21] qid=ep_laboral_reforma_2466_v1 status=200 mode=graph_native elapsed=47.0s
2026-05-13 17:38:11,503 [INFO] [14/21] qid=ep_retencion_decreto_572_v1 status=200 mode=graph_native elapsed=97.7s
2026-05-13 17:38:12,322 [INFO] [15/21] qid=ep_laboral_ugpp_desalarizacion_v1 status=200 mode=graph_native elapsed=71.4s
2026-05-13 17:38:19,742 [INFO] [16/21] qid=ep_laboral_parafiscales_especiales_v1 status=200 mode=graph_native elapsed=33.2s
2026-05-13 17:38:41,771 [INFO] [17/21] qid=ep_gmf_exencion_350uvt_v1 status=200 mode=graph_native elapsed=50.2s
2026-05-13 17:38:50,369 [INFO] [18/21] qid=ep_pt_paraisos_panama_v1 status=200 mode=graph_native elapsed=38.0s
2026-05-13 17:38:52,321 [INFO] [19/21] qid=ep_pt_umbrales_pyme_v1 status=200 mode=graph_native elapsed=40.8s
2026-05-13 17:39:02,617 [INFO] [20/21] qid=ep_rst_elegibilidad_sectores_v1 status=200 mode=graph_native elapsed=42.9s
2026-05-13 17:39:06,257 [INFO] [21/21] qid=ep_proc_devoluciones_riesgo_auditoria_v1 status=200 mode=graph_native elapsed=24.5s
2026-05-13 17:39:06,257 [INFO] DONE 21 new responses in 312.4s (14.9s/Q wall, 4 workers)
