2026-05-13 17:40:28,547 [INFO] loaded 21 questions from evals/sme_validation_v1/21q_retriever_Practica.jsonl
2026-05-13 17:40:28,571 [INFO] todo=21  done=0/21  workers=4  server=http://127.0.0.1:8787  max_429=2
2026-05-13 17:40:55,091 [INFO] [1/21] qid=pr_iva_form300_diligenciamiento_v1 status=200 mode=graph_native elapsed=26.5s
2026-05-13 17:41:14,055 [INFO] [2/21] qid=pr_retencion_form350_mensual_v1 status=200 mode=graph_native elapsed=45.5s
2026-05-13 17:41:15,259 [INFO] [3/21] qid=pr_nomina_liquidacion_pila_v1 status=200 mode=graph_native elapsed=46.7s
2026-05-13 17:41:24,125 [INFO] [4/21] qid=pr_renta_anticipo_calculo_v1 status=200 mode=graph_native elapsed=55.6s
2026-05-13 17:41:26,540 [INFO] [5/21] qid=pr_retencion_tabla_383_procedimientos_v1 status=200 mode=graph_native elapsed=31.4s
2026-05-13 17:41:35,833 [INFO] [6/21] qid=pr_parafiscales_especiales_transporte_v1 status=200 mode=topic_safety_abstention elapsed=9.3s
2026-05-13 17:41:40,982 [INFO] [7/21] qid=pr_fe_contingencia_operativa_v1 status=200 mode=graph_native elapsed=26.9s
2026-05-13 17:41:50,178 [INFO] [8/21] qid=pr_fe_nota_credito_correccion_v1 status=200 mode=graph_native elapsed=34.9s
2026-05-13 17:41:52,525 [INFO] [9/21] qid=pr_nomina_electronica_dsn_v1 status=200 mode=graph_native elapsed=28.4s
2026-05-13 17:41:55,396 [INFO] [10/21] qid=pr_reforma_laboral_recargos_v1 status=200 mode=graph_native elapsed=19.6s
2026-05-13 17:42:03,369 [INFO] [11/21] qid=pr_gmf_marcacion_cuentas_v1 status=200 mode=graph_native elapsed=22.4s
2026-05-13 17:42:11,116 [INFO] [12/21] qid=pr_rst_anticipo_bimestral_v1 status=200 mode=graph_native elapsed=20.9s
2026-05-13 17:42:18,574 [INFO] [13/21] qid=pr_exogena_formatos_prevalidador_v1 status=200 mode=graph_native elapsed=23.2s
2026-05-13 17:42:19,498 [INFO] [14/21] qid=pr_devolucion_saldo_favor_renta_v1 status=200 mode=graph_native elapsed=27.0s
2026-05-13 17:42:27,993 [INFO] [15/21] qid=pr_correccion_renta_saldo_favor_v1 status=200 mode=graph_native elapsed=24.6s
2026-05-13 17:42:39,125 [INFO] [16/21] qid=pr_depreciacion_maquinaria_2516_v1 status=200 mode=graph_native elapsed=28.0s
2026-05-13 17:42:39,552 [INFO] [17/21] qid=pr_calendario_obligaciones_pyme_v1 status=200 mode=graph_native elapsed=20.1s
2026-05-13 17:42:47,256 [INFO] [18/21] qid=pr_dividendos_retencion_socio_v1 status=200 mode=graph_native elapsed=28.7s
2026-05-13 17:42:50,286 [INFO] [19/21] qid=pr_pt_documentacion_comprobatoria_v1 status=200 mode=graph_native elapsed=22.3s
2026-05-13 17:42:59,643 [INFO] [20/21] qid=pr_ica_multimunicipio_v1 status=200 mode=graph_native elapsed=20.5s
2026-05-13 17:43:57,884 [INFO] [21/21] qid=pr_firmeza_calendario_defensivo_v1 status=200 mode=graph_native elapsed=78.3s
2026-05-13 17:43:57,885 [INFO] DONE 21 new responses in 209.3s (10.0s/Q wall, 4 workers)
